<?xml version="1.0" encoding="UTF-8"?>
<!-- Generated by org.testng.reporters.JUnitXMLReporter -->
<testsuite hostname="LAPTOP-009" ignored="8" name="Test2" tests="1" failures="1" timestamp="2022-04-29T19:43:36 IST" time="69.077" errors="0">
  <testcase name="LoginSuccessfull_POC" time="65.898" classname="com.cma.testcases.TC_BrowserStack">
    <failure type="org.openqa.selenium.StaleElementReferenceException" message="The element &amp;apos;By.xpath: //android.view.View[@content-desc=&amp;apos;Disagree and Exit&amp;apos;]&amp;apos; does not exist in DOM anymore (WARNING: The server did not provide any stacktrace information)
Command duration or timeout: 0 milliseconds
For documentation on this error, please visit: https://www.seleniumhq.org/exceptions/stale_element_reference.html
Build info: version: &amp;apos;3.141.59&amp;apos;, revision: &amp;apos;e82be7d358&amp;apos;, time: &amp;apos;2018-11-14T08:17:03&amp;apos;
System info: host: &amp;apos;LAPTOP-009&amp;apos;, ip: &amp;apos;192.168.190.83&amp;apos;, os.name: &amp;apos;Windows 10&amp;apos;, os.arch: &amp;apos;amd64&amp;apos;, os.version: &amp;apos;10.0&amp;apos;, java.version: &amp;apos;1.8.0_291&amp;apos;
Driver info: io.appium.java_client.android.AndroidDriver
Capabilities {64bit: false, acceptSslCert: false, acceptSslCerts: false, adbExecTimeout: 120000, appActivity: com.shaip.workforce.MainAct..., appPackage: com.shaip.workforce, automationName: uiautomator2, browserstack.appium_version: 1.17.0, browserstack.is_hub_canary: false, browserstack.minOSVersion: 7.0, buildName: Java Android demo POC, bundleID: com.shaip.workforce, bundleId: com.shaip.workforce, chromeOptions: {w3c: false}, chromedriverArgs: [--adb-port=5038], chromedriverPort: 18083, chromedriverPorts: [[18133, 18143]], databaseEnabled: false, detected_language: selenium/3.141.59 (java win..., device: oppo reno 6, deviceApiLevel: 30, deviceManufacturer: OPPO, deviceModel: CPH2251, deviceName: LFPVW485EICMEQMZ, deviceScreenDensity: 480, deviceScreenSize: 1080x2400, deviceUDID: LFPVW485EICMEQMZ, disableSuppressAccessibilityService: true, enablePerformanceLogging: false, javascriptEnabled: true, locationContextEnabled: false, mobile: {browser: mobile, version: Oppo Reno 6-11.0}, nativeWebScreenshot: true, networkConnectionEnabled: true, newCommandTimeout: 0, new_bucketing: true, noReset: true, orig_os: android, osVersion: 11.0, os_version: 11.0, pixelRatio: 3, platform: ANDROID, platformName: Android, platformVersion: 11, projectName: Shaip-CMA, realMobile: true, sessionName: LoginSuccessfull_POC, skipServerInstallation: true, statBarHeight: 115, systemPort: 8203, takesScreenshot: true, udid: LFPVW485EICMEQMZ, uiautomator2ServerLaunchTimeout: 60000, version: , viewportRect: {height: 2038, left: 0, top: 115, width: 1080}, warnings: {}, webStorageEnabled: false}
Session ID: 2d205abb2187c8c0b53e3434dace2d66bc0c6595">
      <![CDATA[org.openqa.selenium.StaleElementReferenceException: The element 'By.xpath: //android.view.View[@content-desc='Disagree and Exit']' does not exist in DOM anymore (WARNING: The server did not provide any stacktrace information)
Command duration or timeout: 0 milliseconds
For documentation on this error, please visit: https://www.seleniumhq.org/exceptions/stale_element_reference.html
Build info: version: '3.141.59', revision: 'e82be7d358', time: '2018-11-14T08:17:03'
System info: host: 'LAPTOP-009', ip: '192.168.190.83', os.name: 'Windows 10', os.arch: 'amd64', os.version: '10.0', java.version: '1.8.0_291'
Driver info: io.appium.java_client.android.AndroidDriver
Capabilities {64bit: false, acceptSslCert: false, acceptSslCerts: false, adbExecTimeout: 120000, appActivity: com.shaip.workforce.MainAct..., appPackage: com.shaip.workforce, automationName: uiautomator2, browserstack.appium_version: 1.17.0, browserstack.is_hub_canary: false, browserstack.minOSVersion: 7.0, buildName: Java Android demo POC, bundleID: com.shaip.workforce, bundleId: com.shaip.workforce, chromeOptions: {w3c: false}, chromedriverArgs: [--adb-port=5038], chromedriverPort: 18083, chromedriverPorts: [[18133, 18143]], databaseEnabled: false, detected_language: selenium/3.141.59 (java win..., device: oppo reno 6, deviceApiLevel: 30, deviceManufacturer: OPPO, deviceModel: CPH2251, deviceName: LFPVW485EICMEQMZ, deviceScreenDensity: 480, deviceScreenSize: 1080x2400, deviceUDID: LFPVW485EICMEQMZ, disableSuppressAccessibilityService: true, enablePerformanceLogging: false, javascriptEnabled: true, locationContextEnabled: false, mobile: {browser: mobile, version: Oppo Reno 6-11.0}, nativeWebScreenshot: true, networkConnectionEnabled: true, newCommandTimeout: 0, new_bucketing: true, noReset: true, orig_os: android, osVersion: 11.0, os_version: 11.0, pixelRatio: 3, platform: ANDROID, platformName: Android, platformVersion: 11, projectName: Shaip-CMA, realMobile: true, sessionName: LoginSuccessfull_POC, skipServerInstallation: true, statBarHeight: 115, systemPort: 8203, takesScreenshot: true, udid: LFPVW485EICMEQMZ, uiautomator2ServerLaunchTimeout: 60000, version: , viewportRect: {height: 2038, left: 0, top: 115, width: 1080}, warnings: {}, webStorageEnabled: false}
Session ID: 2d205abb2187c8c0b53e3434dace2d66bc0c6595
at org.openqa.selenium.remote.ErrorHandler.createThrowable(ErrorHandler.java:214)
at org.openqa.selenium.remote.ErrorHandler.throwIfResponseFailed(ErrorHandler.java:166)
at org.openqa.selenium.remote.http.JsonHttpResponseCodec.reconstructValue(JsonHttpResponseCodec.java:40)
at org.openqa.selenium.remote.http.AbstractHttpResponseCodec.decode(AbstractHttpResponseCodec.java:80)
at org.openqa.selenium.remote.http.AbstractHttpResponseCodec.decode(AbstractHttpResponseCodec.java:44)
at org.openqa.selenium.remote.HttpCommandExecutor.execute(HttpCommandExecutor.java:158)
at io.appium.java_client.remote.AppiumCommandExecutor.execute(AppiumCommandExecutor.java:250)
at org.openqa.selenium.remote.RemoteWebDriver.execute(RemoteWebDriver.java:552)
at io.appium.java_client.DefaultGenericMobileDriver.execute(DefaultGenericMobileDriver.java:41)
at io.appium.java_client.AppiumDriver.execute(AppiumDriver.java:1)
at io.appium.java_client.android.AndroidDriver.execute(AndroidDriver.java:1)
at org.openqa.selenium.remote.RemoteWebElement.execute(RemoteWebElement.java:285)
at io.appium.java_client.DefaultGenericMobileElement.execute(DefaultGenericMobileElement.java:45)
at io.appium.java_client.MobileElement.execute(MobileElement.java:1)
at io.appium.java_client.android.AndroidElement.execute(AndroidElement.java:1)
at org.openqa.selenium.remote.RemoteWebElement.isDisplayed(RemoteWebElement.java:326)
at io.appium.java_client.pagefactory.ElementInterceptor.getObject(ElementInterceptor.java:40)
at io.appium.java_client.pagefactory.interceptors.InterceptorOfASingleElement.intercept(InterceptorOfASingleElement.java:60)
at io.appium.java_client.android.AndroidElement$$EnhancerByCGLIB$$b598166c.isDisplayed(<generated>)
at org.openqa.selenium.support.ui.ExpectedConditions.elementIfVisible(ExpectedConditions.java:314)
at org.openqa.selenium.support.ui.ExpectedConditions.access$000(ExpectedConditions.java:43)
at org.openqa.selenium.support.ui.ExpectedConditions$10.apply(ExpectedConditions.java:300)
at org.openqa.selenium.support.ui.ExpectedConditions$10.apply(ExpectedConditions.java:297)
at org.openqa.selenium.support.ui.FluentWait.until(FluentWait.java:249)
at com.cma.pages.ActionClass.WaitForElementToBeVisible(ActionClass.java:61)
at com.cma.pages.ProjectsPage.isAgreementDisplayed(ProjectsPage.java:49)
at com.cma.testcases.TC_BrowserStack.LoginSuccessfull_POC(TC_BrowserStack.java:70)
at java.util.ArrayList.forEach(ArrayList.java:1259)
... Removed 35 stack frames]]>
    </failure>
  </testcase> <!-- LoginSuccessfull_POC -->
  <testcase name="VerifyAgrrement" time="0.0" classname="com.cma.testcases.TC_BrowserStack">
    <ignored/>
  </testcase> <!-- VerifyAgrrement -->
  <testcase name="VerifyDisAgrrement" time="0.0" classname="com.cma.testcases.TC_BrowserStack">
    <ignored/>
  </testcase> <!-- VerifyDisAgrrement -->
  <testcase name="VerifySearchProject" time="0.0" classname="com.cma.testcases.TC_BrowserStack">
    <ignored/>
  </testcase> <!-- VerifySearchProject -->
  <testcase name="VerifySaveButtonFunctionality" time="0.0" classname="com.cma.testcases.TC_BrowserStack">
    <ignored/>
  </testcase> <!-- VerifySaveButtonFunctionality -->
  <testcase name="LoginFailed_POC" time="0.0" classname="com.cma.testcases.TC_BrowserStack">
    <ignored/>
  </testcase> <!-- LoginFailed_POC -->
  <testcase name="Registration_POC" time="0.0" classname="com.cma.testcases.TC_BrowserStack">
    <ignored/>
  </testcase> <!-- Registration_POC -->
  <testcase name="VerifyUploadFileFunctionality" time="0.0" classname="com.cma.testcases.TC_BrowserStack">
    <ignored/>
  </testcase> <!-- VerifyUploadFileFunctionality -->
  <testcase name="VerifyGetTaskFunctionality" time="0.0" classname="com.cma.testcases.TC_BrowserStack">
    <ignored/>
  </testcase> <!-- VerifyGetTaskFunctionality -->
</testsuite> <!-- Test2 -->
