<?xml version="1.0" encoding="UTF-8"?>
<!-- Generated by org.testng.reporters.JUnitReportReporter -->
<testsuite skipped="8" hostname="LAPTOP-009" name="com.cma.testcases.TC_BrowserStack" tests="9" failures="0" timestamp="2022-04-29T19:43:37 IST" time="67.244" errors="1">
  <testcase name="LoginSuccessfull_POC" time="67.244" classname="com.cma.testcases.TC_BrowserStack">
    <error type="org.openqa.selenium.StaleElementReferenceException" message="The element &#039;By.xpath: //android.view.View[@content-desc=&#039;Disagree and Exit&#039;]&#039; does not exist in DOM anymore (WARNING: The server did not provide any stacktrace information)
Command duration or timeout: 0 milliseconds
For documentation on this error, please visit: https://www.seleniumhq.org/exceptions/stale_element_reference.html
Build info: version: &#039;3.141.59&#039;, revision: &#039;e82be7d358&#039;, time: &#039;2018-11-14T08:17:03&#039;
System info: host: &#039;LAPTOP-009&#039;, ip: &#039;192.168.190.83&#039;, os.name: &#039;Windows 10&#039;, os.arch: &#039;amd64&#039;, os.version: &#039;10.0&#039;, java.version: &#039;1.8.0_291&#039;
Driver info: io.appium.java_client.android.AndroidDriver
Capabilities {64bit: false, acceptSslCert: false, acceptSslCerts: false, adbExecTimeout: 120000, appActivity: com.shaip.workforce.MainAct..., appPackage: com.shaip.workforce, automationName: uiautomator2, browserstack.appium_version: 1.17.0, browserstack.is_hub_canary: false, browserstack.minOSVersion: 7.0, buildName: Java Android demo POC, bundleID: com.shaip.workforce, bundleId: com.shaip.workforce, chromeOptions: {w3c: false}, chromedriverArgs: [--adb-port=5038], chromedriverPort: 18083, chromedriverPorts: [[18133, 18143]], databaseEnabled: false, detected_language: selenium/3.141.59 (java win..., device: oppo reno 6, deviceApiLevel: 30, deviceManufacturer: OPPO, deviceModel: CPH2251, deviceName: LFPVW485EICMEQMZ, deviceScreenDensity: 480, deviceScreenSize: 1080x2400, deviceUDID: LFPVW485EICMEQMZ, disableSuppressAccessibilityService: true, enablePerformanceLogging: false, javascriptEnabled: true, locationContextEnabled: false, mobile: {browser: mobile, version: Oppo Reno 6-11.0}, nativeWebScreenshot: true, networkConnectionEnabled: true, newCommandTimeout: 0, new_bucketing: true, noReset: true, orig_os: android, osVersion: 11.0, os_version: 11.0, pixelRatio: 3, platform: ANDROID, platformName: Android, platformVersion: 11, projectName: Shaip-CMA, realMobile: true, sessionName: LoginSuccessfull_POC, skipServerInstallation: true, statBarHeight: 115, systemPort: 8203, takesScreenshot: true, udid: LFPVW485EICMEQMZ, uiautomator2ServerLaunchTimeout: 60000, version: , viewportRect: {height: 2038, left: 0, top: 115, width: 1080}, warnings: {}, webStorageEnabled: false}
Session ID: 2d205abb2187c8c0b53e3434dace2d66bc0c6595">
      <![CDATA[org.openqa.selenium.StaleElementReferenceException: The element 'By.xpath: //android.view.View[@content-desc='Disagree and Exit']' does not exist in DOM anymore (WARNING: The server did not provide any stacktrace information)
Command duration or timeout: 0 milliseconds
For documentation on this error, please visit: https://www.seleniumhq.org/exceptions/stale_element_reference.html
Build info: version: '3.141.59', revision: 'e82be7d358', time: '2018-11-14T08:17:03'
System info: host: 'LAPTOP-009', ip: '192.168.190.83', os.name: 'Windows 10', os.arch: 'amd64', os.version: '10.0', java.version: '1.8.0_291'
Driver info: io.appium.java_client.android.AndroidDriver
Capabilities {64bit: false, acceptSslCert: false, acceptSslCerts: false, adbExecTimeout: 120000, appActivity: com.shaip.workforce.MainAct..., appPackage: com.shaip.workforce, automationName: uiautomator2, browserstack.appium_version: 1.17.0, browserstack.is_hub_canary: false, browserstack.minOSVersion: 7.0, buildName: Java Android demo POC, bundleID: com.shaip.workforce, bundleId: com.shaip.workforce, chromeOptions: {w3c: false}, chromedriverArgs: [--adb-port=5038], chromedriverPort: 18083, chromedriverPorts: [[18133, 18143]], databaseEnabled: false, detected_language: selenium/3.141.59 (java win..., device: oppo reno 6, deviceApiLevel: 30, deviceManufacturer: OPPO, deviceModel: CPH2251, deviceName: LFPVW485EICMEQMZ, deviceScreenDensity: 480, deviceScreenSize: 1080x2400, deviceUDID: LFPVW485EICMEQMZ, disableSuppressAccessibilityService: true, enablePerformanceLogging: false, javascriptEnabled: true, locationContextEnabled: false, mobile: {browser: mobile, version: Oppo Reno 6-11.0}, nativeWebScreenshot: true, networkConnectionEnabled: true, newCommandTimeout: 0, new_bucketing: true, noReset: true, orig_os: android, osVersion: 11.0, os_version: 11.0, pixelRatio: 3, platform: ANDROID, platformName: Android, platformVersion: 11, projectName: Shaip-CMA, realMobile: true, sessionName: LoginSuccessfull_POC, skipServerInstallation: true, statBarHeight: 115, systemPort: 8203, takesScreenshot: true, udid: LFPVW485EICMEQMZ, uiautomator2ServerLaunchTimeout: 60000, version: , viewportRect: {height: 2038, left: 0, top: 115, width: 1080}, warnings: {}, webStorageEnabled: false}
Session ID: 2d205abb2187c8c0b53e3434dace2d66bc0c6595
at sun.reflect.NativeConstructorAccessorImpl.newInstance0(Native Method)
at sun.reflect.NativeConstructorAccessorImpl.newInstance(NativeConstructorAccessorImpl.java:62)
at sun.reflect.DelegatingConstructorAccessorImpl.newInstance(DelegatingConstructorAccessorImpl.java:45)
at java.lang.reflect.Constructor.newInstance(Constructor.java:423)
at org.openqa.selenium.remote.ErrorHandler.createThrowable(ErrorHandler.java:214)
at org.openqa.selenium.remote.ErrorHandler.throwIfResponseFailed(ErrorHandler.java:166)
at org.openqa.selenium.remote.http.JsonHttpResponseCodec.reconstructValue(JsonHttpResponseCodec.java:40)
at org.openqa.selenium.remote.http.AbstractHttpResponseCodec.decode(AbstractHttpResponseCodec.java:80)
at org.openqa.selenium.remote.http.AbstractHttpResponseCodec.decode(AbstractHttpResponseCodec.java:44)
at org.openqa.selenium.remote.HttpCommandExecutor.execute(HttpCommandExecutor.java:158)
at io.appium.java_client.remote.AppiumCommandExecutor.execute(AppiumCommandExecutor.java:250)
at org.openqa.selenium.remote.RemoteWebDriver.execute(RemoteWebDriver.java:552)
at io.appium.java_client.DefaultGenericMobileDriver.execute(DefaultGenericMobileDriver.java:41)
at io.appium.java_client.AppiumDriver.execute(AppiumDriver.java:1)
at io.appium.java_client.android.AndroidDriver.execute(AndroidDriver.java:1)
at org.openqa.selenium.remote.RemoteWebElement.execute(RemoteWebElement.java:285)
at io.appium.java_client.DefaultGenericMobileElement.execute(DefaultGenericMobileElement.java:45)
at io.appium.java_client.MobileElement.execute(MobileElement.java:1)
at io.appium.java_client.android.AndroidElement.execute(AndroidElement.java:1)
at org.openqa.selenium.remote.RemoteWebElement.isDisplayed(RemoteWebElement.java:326)
at sun.reflect.NativeMethodAccessorImpl.invoke0(Native Method)
at sun.reflect.NativeMethodAccessorImpl.invoke(NativeMethodAccessorImpl.java:62)
at sun.reflect.DelegatingMethodAccessorImpl.invoke(DelegatingMethodAccessorImpl.java:43)
at java.lang.reflect.Method.invoke(Method.java:498)
at io.appium.java_client.pagefactory.ElementInterceptor.getObject(ElementInterceptor.java:40)
at io.appium.java_client.pagefactory.interceptors.InterceptorOfASingleElement.intercept(InterceptorOfASingleElement.java:60)
at io.appium.java_client.android.AndroidElement$$EnhancerByCGLIB$$b598166c.isDisplayed(<generated>)
at org.openqa.selenium.support.ui.ExpectedConditions.elementIfVisible(ExpectedConditions.java:314)
at org.openqa.selenium.support.ui.ExpectedConditions.access$000(ExpectedConditions.java:43)
at org.openqa.selenium.support.ui.ExpectedConditions$10.apply(ExpectedConditions.java:300)
at org.openqa.selenium.support.ui.ExpectedConditions$10.apply(ExpectedConditions.java:297)
at org.openqa.selenium.support.ui.FluentWait.until(FluentWait.java:249)
at com.cma.pages.ActionClass.WaitForElementToBeVisible(ActionClass.java:61)
at com.cma.pages.ProjectsPage.isAgreementDisplayed(ProjectsPage.java:49)
at com.cma.testcases.TC_BrowserStack.LoginSuccessfull_POC(TC_BrowserStack.java:70)
at sun.reflect.NativeMethodAccessorImpl.invoke0(Native Method)
at sun.reflect.NativeMethodAccessorImpl.invoke(NativeMethodAccessorImpl.java:62)
at sun.reflect.DelegatingMethodAccessorImpl.invoke(DelegatingMethodAccessorImpl.java:43)
at java.lang.reflect.Method.invoke(Method.java:498)
at org.testng.internal.MethodInvocationHelper.invokeMethod(MethodInvocationHelper.java:132)
at org.testng.internal.TestInvoker.invokeMethod(TestInvoker.java:599)
at org.testng.internal.TestInvoker.invokeTestMethod(TestInvoker.java:174)
at org.testng.internal.MethodRunner.runInSequence(MethodRunner.java:46)
at org.testng.internal.TestInvoker$MethodInvocationAgent.invoke(TestInvoker.java:822)
at org.testng.internal.TestInvoker.invokeTestMethods(TestInvoker.java:147)
at org.testng.internal.TestMethodWorker.invokeTestMethods(TestMethodWorker.java:146)
at org.testng.internal.TestMethodWorker.run(TestMethodWorker.java:128)
at java.util.ArrayList.forEach(ArrayList.java:1259)
at org.testng.TestRunner.privateRun(TestRunner.java:764)
at org.testng.TestRunner.run(TestRunner.java:585)
at org.testng.SuiteRunner.runTest(SuiteRunner.java:384)
at org.testng.SuiteRunner.runSequentially(SuiteRunner.java:378)
at org.testng.SuiteRunner.privateRun(SuiteRunner.java:337)
at org.testng.SuiteRunner.run(SuiteRunner.java:286)
at org.testng.SuiteRunnerWorker.runSuite(SuiteRunnerWorker.java:53)
at org.testng.SuiteRunnerWorker.run(SuiteRunnerWorker.java:96)
at org.testng.TestNG.runSuitesSequentially(TestNG.java:1218)
at org.testng.TestNG.runSuitesLocally(TestNG.java:1140)
at org.testng.TestNG.runSuites(TestNG.java:1069)
at org.testng.TestNG.run(TestNG.java:1037)
at org.testng.remote.AbstractRemoteTestNG.run(AbstractRemoteTestNG.java:115)
at org.testng.remote.RemoteTestNG.initAndRun(RemoteTestNG.java:251)
at org.testng.remote.RemoteTestNG.main(RemoteTestNG.java:77)
]]>
    </error>
  </testcase> <!-- LoginSuccessfull_POC -->
  <system-out/>
  <testcase name="VerifyAgrrement" classname="com.cma.testcases.TC_BrowserStack">
    <skipped/>
  </testcase> <!-- VerifyAgrrement -->
  <system-out/>
  <testcase name="VerifyDisAgrrement" classname="com.cma.testcases.TC_BrowserStack">
    <skipped/>
  </testcase> <!-- VerifyDisAgrrement -->
  <system-out/>
  <testcase name="VerifySearchProject" classname="com.cma.testcases.TC_BrowserStack">
    <skipped/>
  </testcase> <!-- VerifySearchProject -->
  <system-out/>
  <testcase name="VerifySaveButtonFunctionality" classname="com.cma.testcases.TC_BrowserStack">
    <skipped/>
  </testcase> <!-- VerifySaveButtonFunctionality -->
  <system-out/>
  <testcase name="LoginFailed_POC" classname="com.cma.testcases.TC_BrowserStack">
    <skipped/>
  </testcase> <!-- LoginFailed_POC -->
  <system-out/>
  <testcase name="Registration_POC" classname="com.cma.testcases.TC_BrowserStack">
    <skipped/>
  </testcase> <!-- Registration_POC -->
  <system-out/>
  <testcase name="VerifyUploadFileFunctionality" classname="com.cma.testcases.TC_BrowserStack">
    <skipped/>
  </testcase> <!-- VerifyUploadFileFunctionality -->
  <system-out/>
  <testcase name="VerifyGetTaskFunctionality" classname="com.cma.testcases.TC_BrowserStack">
    <skipped/>
  </testcase> <!-- VerifyGetTaskFunctionality -->
  <system-out/>
</testsuite> <!-- com.cma.testcases.TC_BrowserStack -->
